<?xml version="1.0" encoding="UTF-8"?>
<testng-results ignored="0" total="1" passed="1" failed="0" skipped="0">
  <reporter-output>
  </reporter-output>
  <suite started-at="2022-07-15T13:07:11 IST" name="Suite" finished-at="2022-07-15T13:07:17 IST" duration-ms="6443">
    <groups>
    </groups>
    <test started-at="2022-07-15T13:07:11 IST" name="Test" finished-at="2022-07-15T13:07:17 IST" duration-ms="6443">
      <class name="com.regression.login.NewTest1">
        <test-method signature="startbrowser()[pri:0, instance:com.regression.login.NewTest1@1139b2f3]" started-at="2022-07-15T13:07:11 IST" name="startbrowser" finished-at="2022-07-15T13:07:17 IST" duration-ms="6396" status="PASS">
          <reporter-output>
          </reporter-output>
        </test-method> <!-- startbrowser -->
      </class> <!-- com.regression.login.NewTest1 -->
    </test> <!-- Test -->
  </suite> <!-- Suite -->
</testng-results>
